{"name":"Purchase a bag","id":"let-s-go-on-sale-at-zara;purchase-a-bag","testSteps":[{"number":1,"description":"When User click on login","duration":5063,"startTime":"2022-01-16T20:12:03.467+01:00[Europe/Paris]","exception":{"errorType":"java.lang.AssertionError","message":"Element not found {By.xpath: //body/div[@id\u003d\u0027app-root\u0027]/div[1]/div[1]/div[1]/div[1]/div[2]/main[1]/article[1]/div[1]/div[1]/div[2]/div[1]/section[1]/form[1]/div[1]/div[1]/div[1]/div[1]/div[1]/input[1]}\nExpected: exist\nScreenshot: file:/C:/Users/javier.toribio/IdeaProjects/JaviQA/build/reports/tests/1642360328106.1.png\nPage source: file:/C:/Users/javier.toribio/IdeaProjects/JaviQA/build/reports/tests/1642360328106.1.html\nTimeout: 4 s.\nCaused by: NoSuchElementException: no such element: Unable to locate element: {\"method\":\"xpath\",\"selector\":\"//body/div[@id\u003d\u0027app-root\u0027]/div[1]/div[1]/div[1]/div[1]/div[2]/main[1]/article[1]/div[1]/div[1]/div[2]/div[1]/section[1]/form[1]/div[1]/div[1]/div[1]/div[1]/div[1]/input[1]\"}","stackTrace":[{"declaringClass":"com.codeborne.selenide.impl.WebElementSource","methodName":"createElementNotFoundError","fileName":"WebElementSource.java","lineNumber":37},{"declaringClass":"com.codeborne.selenide.impl.ElementFinder","methodName":"createElementNotFoundError","fileName":"ElementFinder.java","lineNumber":100},{"declaringClass":"com.codeborne.selenide.impl.SelenideElementProxy","methodName":"dispatchAndRetry","fileName":"SelenideElementProxy.java","lineNumber":131},{"declaringClass":"com.codeborne.selenide.impl.SelenideElementProxy","methodName":"invoke","fileName":"SelenideElementProxy.java","lineNumber":65},{"declaringClass":"actions.ZaraActions","methodName":"enterUser","fileName":"ZaraActions.java","lineNumber":22},{"declaringClass":"steps.ZaraSteps","methodName":"user_access_zara","fileName":"ZaraSteps.java","lineNumber":22},{"declaringClass":"cucumber.runner.PickleStepDefinitionMatch","methodName":"runStep","fileName":"PickleStepDefinitionMatch.java","lineNumber":50},{"declaringClass":"cucumber.runner.TestStep","methodName":"executeStep","fileName":"TestStep.java","lineNumber":63},{"declaringClass":"cucumber.runner.TestStep","methodName":"run","fileName":"TestStep.java","lineNumber":49},{"declaringClass":"cucumber.runner.PickleStepTestStep","methodName":"run","fileName":"PickleStepTestStep.java","lineNumber":43},{"declaringClass":"cucumber.runner.TestCase","methodName":"run","fileName":"TestCase.java","lineNumber":44},{"declaringClass":"cucumber.runner.Runner","methodName":"runPickle","fileName":"Runner.java","lineNumber":40}]},"result":"FAILURE","precondition":false,"level":0,"children":[{"number":2,"description":"Enter user","duration":6,"startTime":"2022-01-16T20:12:08.506+01:00[Europe/Paris]","exception":{"errorType":"com.codeborne.selenide.ex.ElementNotFound","message":"Element not found {By.xpath: //body/div[@id\u003d\u0027app-root\u0027]/div[1]/div[1]/div[1]/div[1]/div[2]/main[1]/article[1]/div[1]/div[1]/div[2]/div[1]/section[1]/form[1]/div[1]/div[1]/div[1]/div[1]/div[1]/input[1]}\nExpected: exist\nScreenshot: file:/C:/Users/javier.toribio/IdeaProjects/JaviQA/build/reports/tests/1642360328106.1.png\nPage source: file:/C:/Users/javier.toribio/IdeaProjects/JaviQA/build/reports/tests/1642360328106.1.html\nTimeout: 4 s.\nCaused by: NoSuchElementException: no such element: Unable to locate element: {\"method\":\"xpath\",\"selector\":\"//body/div[@id\u003d\u0027app-root\u0027]/div[1]/div[1]/div[1]/div[1]/div[2]/main[1]/article[1]/div[1]/div[1]/div[2]/div[1]/section[1]/form[1]/div[1]/div[1]/div[1]/div[1]/div[1]/input[1]\"}","stackTrace":[{"declaringClass":"com.codeborne.selenide.impl.WebElementSource","methodName":"createElementNotFoundError","fileName":"WebElementSource.java","lineNumber":37},{"declaringClass":"com.codeborne.selenide.impl.ElementFinder","methodName":"createElementNotFoundError","fileName":"ElementFinder.java","lineNumber":100},{"declaringClass":"com.codeborne.selenide.impl.SelenideElementProxy","methodName":"dispatchAndRetry","fileName":"SelenideElementProxy.java","lineNumber":131},{"declaringClass":"com.codeborne.selenide.impl.SelenideElementProxy","methodName":"invoke","fileName":"SelenideElementProxy.java","lineNumber":65},{"declaringClass":"actions.ZaraActions","methodName":"enterUser","fileName":"ZaraActions.java","lineNumber":22},{"declaringClass":"steps.ZaraSteps","methodName":"user_access_zara","fileName":"ZaraSteps.java","lineNumber":22},{"declaringClass":"cucumber.runner.PickleStepDefinitionMatch","methodName":"runStep","fileName":"PickleStepDefinitionMatch.java","lineNumber":50},{"declaringClass":"cucumber.runner.TestStep","methodName":"executeStep","fileName":"TestStep.java","lineNumber":63},{"declaringClass":"cucumber.runner.TestStep","methodName":"run","fileName":"TestStep.java","lineNumber":49},{"declaringClass":"cucumber.runner.PickleStepTestStep","methodName":"run","fileName":"PickleStepTestStep.java","lineNumber":43},{"declaringClass":"cucumber.runner.TestCase","methodName":"run","fileName":"TestCase.java","lineNumber":44},{"declaringClass":"cucumber.runner.Runner","methodName":"runPickle","fileName":"Runner.java","lineNumber":40}],"rootCause":{"errorType":"org.openqa.selenium.NoSuchElementException","message":"no such element: Unable to locate element: {\"method\":\"xpath\",\"selector\":\"//body/div[@id\u003d\u0027app-root\u0027]/div[1]/div[1]/div[1]/div[1]/div[2]/main[1]/article[1]/div[1]/div[1]/div[2]/div[1]/section[1]/form[1]/div[1]/div[1]/div[1]/div[1]/div[1]/input[1]\"}\n  (Session info: chrome\u003d97.0.4692.71)\nFor documentation on this error, please visit: https://www.seleniumhq.org/exceptions/no_such_element.html\nBuild info: version: \u00273.141.59\u0027, revision: \u0027e82be7d358\u0027, time: \u00272018-11-14T08:17:03\u0027\nSystem info: host: \u0027CPX-6WSSMTWLVCT\u0027, ip: \u0027192.168.1.45\u0027, os.name: \u0027Windows 10\u0027, os.arch: \u0027amd64\u0027, os.version: \u002710.0\u0027, java.version: \u00271.8.0_312\u0027\nDriver info: org.openqa.selenium.chrome.ChromeDriver\nCapabilities {acceptInsecureCerts: false, browserName: chrome, browserVersion: 97.0.4692.71, chrome: {chromedriverVersion: 97.0.4692.71 (adefa7837d02a..., userDataDir: C:\\Users\\JAVIER~1.TOR\\AppDa...}, goog:chromeOptions: {debuggerAddress: localhost:58611}, javascriptEnabled: true, networkConnectionEnabled: false, pageLoadStrategy: normal, platform: WINDOWS, platformName: WINDOWS, proxy: Proxy(), setWindowRect: true, strictFileInteractability: false, timeouts: {implicit: 0, pageLoad: 300000, script: 30000}, unhandledPromptBehavior: dismiss and notify, webauthn:extension:credBlob: true, webauthn:extension:largeBlob: true, webauthn:virtualAuthenticators: true}\nSession ID: 64d47355536d57a8ba12aac43603fa10\n*** Element info: {Using\u003dxpath, value\u003d//body/div[@id\u003d\u0027app-root\u0027]/div[1]/div[1]/div[1]/div[1]/div[2]/main[1]/article[1]/div[1]/div[1]/div[2]/div[1]/section[1]/form[1]/div[1]/div[1]/div[1]/div[1]/div[1]/input[1]}","stackTrace":[{"declaringClass":"com.codeborne.selenide.impl.WebElementSelector","methodName":"findElement","fileName":"WebElementSelector.java","lineNumber":30},{"declaringClass":"com.codeborne.selenide.impl.ElementFinder","methodName":"getWebElement","fileName":"ElementFinder.java","lineNumber":74},{"declaringClass":"com.codeborne.selenide.impl.SelenideElementProxy","methodName":"dispatchAndRetry","fileName":"SelenideElementProxy.java","lineNumber":102},{"declaringClass":"com.codeborne.selenide.impl.SelenideElementProxy","methodName":"invoke","fileName":"SelenideElementProxy.java","lineNumber":65},{"declaringClass":"actions.ZaraActions","methodName":"enterUser","fileName":"ZaraActions.java","lineNumber":22},{"declaringClass":"steps.ZaraSteps","methodName":"user_access_zara","fileName":"ZaraSteps.java","lineNumber":22},{"declaringClass":"cucumber.runner.PickleStepDefinitionMatch","methodName":"runStep","fileName":"PickleStepDefinitionMatch.java","lineNumber":50},{"declaringClass":"cucumber.runner.TestStep","methodName":"executeStep","fileName":"TestStep.java","lineNumber":63},{"declaringClass":"cucumber.runner.TestStep","methodName":"run","fileName":"TestStep.java","lineNumber":49},{"declaringClass":"cucumber.runner.PickleStepTestStep","methodName":"run","fileName":"PickleStepTestStep.java","lineNumber":43},{"declaringClass":"cucumber.runner.TestCase","methodName":"run","fileName":"TestCase.java","lineNumber":44},{"declaringClass":"cucumber.runner.Runner","methodName":"runPickle","fileName":"Runner.java","lineNumber":40}]}},"result":"FAILURE","precondition":false,"level":1}]},{"number":3,"description":"When User goes to bag","duration":2,"startTime":"2022-01-16T20:12:08.532+01:00[Europe/Paris]","result":"SKIPPED","precondition":false,"level":0},{"number":4,"description":"When User goes to the last one purchase screen","duration":0,"startTime":"2022-01-16T20:12:08.534+01:00[Europe/Paris]","result":"SKIPPED","precondition":false,"level":0},{"number":5,"description":"Then User logout","duration":0,"startTime":"2022-01-16T20:12:08.534+01:00[Europe/Paris]","result":"SKIPPED","precondition":false,"level":0}],"userStory":{"id":"let-s-go-on-sale-at-zara","storyName":"let\u0027s go on sale at Zara","path":"src/test/resources/features/Zara.feature","type":"feature"},"featureTag":{"name":"Features/let\u0027s go on sale at Zara","type":"feature","displayName":"Features/let\u0027s go on sale at Zara"},"title":"Purchase a bag","startTime":"2022-01-16T20:12:03.465+01:00[Europe/Paris]","duration":5080,"testFailureCause":{"errorType":"com.codeborne.selenide.ex.ElementNotFound","message":"Element not found {By.xpath: //body/div[@id\u003d\u0027app-root\u0027]/div[1]/div[1]/div[1]/div[1]/div[2]/main[1]/article[1]/div[1]/div[1]/div[2]/div[1]/section[1]/form[1]/div[1]/div[1]/div[1]/div[1]/div[1]/input[1]}\nExpected: exist\nScreenshot: file:/C:/Users/javier.toribio/IdeaProjects/JaviQA/build/reports/tests/1642360328106.1.png\nPage source: file:/C:/Users/javier.toribio/IdeaProjects/JaviQA/build/reports/tests/1642360328106.1.html\nTimeout: 4 s.\nCaused by: NoSuchElementException: no such element: Unable to locate element: {\"method\":\"xpath\",\"selector\":\"//body/div[@id\u003d\u0027app-root\u0027]/div[1]/div[1]/div[1]/div[1]/div[2]/main[1]/article[1]/div[1]/div[1]/div[2]/div[1]/section[1]/form[1]/div[1]/div[1]/div[1]/div[1]/div[1]/input[1]\"}","stackTrace":[{"declaringClass":"com.codeborne.selenide.impl.WebElementSource","methodName":"createElementNotFoundError","fileName":"WebElementSource.java","lineNumber":37},{"declaringClass":"com.codeborne.selenide.impl.ElementFinder","methodName":"createElementNotFoundError","fileName":"ElementFinder.java","lineNumber":100},{"declaringClass":"com.codeborne.selenide.impl.SelenideElementProxy","methodName":"dispatchAndRetry","fileName":"SelenideElementProxy.java","lineNumber":131},{"declaringClass":"com.codeborne.selenide.impl.SelenideElementProxy","methodName":"invoke","fileName":"SelenideElementProxy.java","lineNumber":65},{"declaringClass":"actions.ZaraActions","methodName":"enterUser","fileName":"ZaraActions.java","lineNumber":22},{"declaringClass":"steps.ZaraSteps","methodName":"user_access_zara","fileName":"ZaraSteps.java","lineNumber":22},{"declaringClass":"cucumber.runner.PickleStepDefinitionMatch","methodName":"runStep","fileName":"PickleStepDefinitionMatch.java","lineNumber":50},{"declaringClass":"cucumber.runner.TestStep","methodName":"executeStep","fileName":"TestStep.java","lineNumber":63},{"declaringClass":"cucumber.runner.TestStep","methodName":"run","fileName":"TestStep.java","lineNumber":49},{"declaringClass":"cucumber.runner.PickleStepTestStep","methodName":"run","fileName":"PickleStepTestStep.java","lineNumber":43},{"declaringClass":"cucumber.runner.TestCase","methodName":"run","fileName":"TestCase.java","lineNumber":44},{"declaringClass":"cucumber.runner.Runner","methodName":"runPickle","fileName":"Runner.java","lineNumber":40}],"rootCause":{"errorType":"org.openqa.selenium.NoSuchElementException","message":"no such element: Unable to locate element: {\"method\":\"xpath\",\"selector\":\"//body/div[@id\u003d\u0027app-root\u0027]/div[1]/div[1]/div[1]/div[1]/div[2]/main[1]/article[1]/div[1]/div[1]/div[2]/div[1]/section[1]/form[1]/div[1]/div[1]/div[1]/div[1]/div[1]/input[1]\"}\n  (Session info: chrome\u003d97.0.4692.71)\nFor documentation on this error, please visit: https://www.seleniumhq.org/exceptions/no_such_element.html\nBuild info: version: \u00273.141.59\u0027, revision: \u0027e82be7d358\u0027, time: \u00272018-11-14T08:17:03\u0027\nSystem info: host: \u0027CPX-6WSSMTWLVCT\u0027, ip: \u0027192.168.1.45\u0027, os.name: \u0027Windows 10\u0027, os.arch: \u0027amd64\u0027, os.version: \u002710.0\u0027, java.version: \u00271.8.0_312\u0027\nDriver info: org.openqa.selenium.chrome.ChromeDriver\nCapabilities {acceptInsecureCerts: false, browserName: chrome, browserVersion: 97.0.4692.71, chrome: {chromedriverVersion: 97.0.4692.71 (adefa7837d02a..., userDataDir: C:\\Users\\JAVIER~1.TOR\\AppDa...}, goog:chromeOptions: {debuggerAddress: localhost:58611}, javascriptEnabled: true, networkConnectionEnabled: false, pageLoadStrategy: normal, platform: WINDOWS, platformName: WINDOWS, proxy: Proxy(), setWindowRect: true, strictFileInteractability: false, timeouts: {implicit: 0, pageLoad: 300000, script: 30000}, unhandledPromptBehavior: dismiss and notify, webauthn:extension:credBlob: true, webauthn:extension:largeBlob: true, webauthn:virtualAuthenticators: true}\nSession ID: 64d47355536d57a8ba12aac43603fa10\n*** Element info: {Using\u003dxpath, value\u003d//body/div[@id\u003d\u0027app-root\u0027]/div[1]/div[1]/div[1]/div[1]/div[2]/main[1]/article[1]/div[1]/div[1]/div[2]/div[1]/section[1]/form[1]/div[1]/div[1]/div[1]/div[1]/div[1]/input[1]}","stackTrace":[{"declaringClass":"com.codeborne.selenide.impl.WebElementSelector","methodName":"findElement","fileName":"WebElementSelector.java","lineNumber":30},{"declaringClass":"com.codeborne.selenide.impl.ElementFinder","methodName":"getWebElement","fileName":"ElementFinder.java","lineNumber":74},{"declaringClass":"com.codeborne.selenide.impl.SelenideElementProxy","methodName":"dispatchAndRetry","fileName":"SelenideElementProxy.java","lineNumber":102},{"declaringClass":"com.codeborne.selenide.impl.SelenideElementProxy","methodName":"invoke","fileName":"SelenideElementProxy.java","lineNumber":65},{"declaringClass":"actions.ZaraActions","methodName":"enterUser","fileName":"ZaraActions.java","lineNumber":22},{"declaringClass":"steps.ZaraSteps","methodName":"user_access_zara","fileName":"ZaraSteps.java","lineNumber":22},{"declaringClass":"cucumber.runner.PickleStepDefinitionMatch","methodName":"runStep","fileName":"PickleStepDefinitionMatch.java","lineNumber":50},{"declaringClass":"cucumber.runner.TestStep","methodName":"executeStep","fileName":"TestStep.java","lineNumber":63},{"declaringClass":"cucumber.runner.TestStep","methodName":"run","fileName":"TestStep.java","lineNumber":49},{"declaringClass":"cucumber.runner.PickleStepTestStep","methodName":"run","fileName":"PickleStepTestStep.java","lineNumber":43},{"declaringClass":"cucumber.runner.TestCase","methodName":"run","fileName":"TestCase.java","lineNumber":44},{"declaringClass":"cucumber.runner.Runner","methodName":"runPickle","fileName":"Runner.java","lineNumber":40}]}},"testFailureClassname":"com.codeborne.selenide.ex.ElementNotFound","testFailureMessage":"Element not found {By.xpath: //body/div[@id\u003d\u0027app-root\u0027]/div[1]/div[1]/div[1]/div[1]/div[2]/main[1]/article[1]/div[1]/div[1]/div[2]/div[1]/section[1]/form[1]/div[1]/div[1]/div[1]/div[1]/div[1]/input[1]}\nExpected: exist\nScreenshot: file:/C:/Users/javier.toribio/IdeaProjects/JaviQA/build/reports/tests/1642360328106.1.png\nPage source: file:/C:/Users/javier.toribio/IdeaProjects/JaviQA/build/reports/tests/1642360328106.1.html\nTimeout: 4 s.\nCaused by: NoSuchElementException: no such element: Unable to locate element: {\"method\":\"xpath\",\"selector\":\"//body/div[@id\u003d\u0027app-root\u0027]/div[1]/div[1]/div[1]/div[1]/div[2]/main[1]/article[1]/div[1]/div[1]/div[2]/div[1]/section[1]/form[1]/div[1]/div[1]/div[1]/div[1]/div[1]/input[1]\"}","testFailureSummary":"FAILURE;com.codeborne.selenide.ex.ElementNotFound;Element not found {By.xpath: //body/div[@id\u003d\u0027app-root\u0027]/div[1]/div[1]/div[1]/div[1]/div[2]/main[1]/article[1]/div[1]/div[1]/div[2]/div[1]/section[1]/form[1]/div[1]/div[1]/div[1]/div[1]/div[1]/input[1]}\nExpected: exist\nScreenshot: file:/C:/Users/javier.toribio/IdeaProjects/JaviQA/build/reports/tests/1642360328106.1.png\nPage source: file:/C:/Users/javier.toribio/IdeaProjects/JaviQA/build/reports/tests/1642360328106.1.html\nTimeout: 4 s.\nCaused by: NoSuchElementException: no such element: Unable to locate element: {\"method\":\"xpath\",\"selector\":\"//body/div[@id\u003d\u0027app-root\u0027]/div[1]/div[1]/div[1]/div[1]/div[2]/main[1]/article[1]/div[1]/div[1]/div[2]/div[1]/section[1]/form[1]/div[1]/div[1]/div[1]/div[1]/div[1]/input[1]\"};WebElementSource.java","projectKey":"","annotatedResult":"FAILURE","isManualTestingUpToDate":false,"manual":false,"testSource":"Cucumber","result":"FAILURE"}